/data/dpfls5645/repos/capstone_yerinjo
/data/dpfls5645/anaconda3/bin/python
moana-r5
cuda

Training EfficientNet-B4 for Valid Fold 0
Epoch 1: Train Acc: 51.72%, Valid Acc: 61.32%
Epoch 2: Train Acc: 67.63%, Valid Acc: 67.76%
Epoch 3: Train Acc: 77.28%, Valid Acc: 73.79%
Epoch 4: Train Acc: 83.23%, Valid Acc: 75.42%
Epoch 5: Train Acc: 86.60%, Valid Acc: 74.44%
Epoch 6: Train Acc: 86.63%, Valid Acc: 75.56%
Epoch 7: Train Acc: 88.06%, Valid Acc: 74.17%
Epoch 8: Train Acc: 88.55%, Valid Acc: 76.25%
Epoch 9: Train Acc: 88.73%, Valid Acc: 76.07%
Epoch 10: Train Acc: 88.91%, Valid Acc: 74.03%
Epoch 11: Train Acc: 89.62%, Valid Acc: 75.97%
Epoch 12: Train Acc: 89.31%, Valid Acc: 75.74%
Epoch 13: Train Acc: 89.46%, Valid Acc: 75.42%
Epoch 14: Train Acc: 89.75%, Valid Acc: 76.90%
Epoch 15: Train Acc: 90.02%, Valid Acc: 75.46%
Epoch 16: Train Acc: 90.33%, Valid Acc: 75.93%
Epoch 17: Train Acc: 90.19%, Valid Acc: 75.79%
Epoch 18: Train Acc: 90.69%, Valid Acc: 75.93%
Epoch 19: Train Acc: 90.67%, Valid Acc: 75.51%
Epoch 20: Train Acc: 90.68%, Valid Acc: 76.44%
Epoch 21: Train Acc: 91.31%, Valid Acc: 77.04%
Epoch 22: Train Acc: 92.15%, Valid Acc: 77.32%
Epoch 23: Train Acc: 92.28%, Valid Acc: 76.72%
Epoch 24: Train Acc: 92.31%, Valid Acc: 77.09%
Epoch 25: Train Acc: 92.27%, Valid Acc: 76.21%
Epoch 26: Train Acc: 92.25%, Valid Acc: 76.07%
Epoch 27: Train Acc: 92.11%, Valid Acc: 75.93%
Epoch 28: Train Acc: 92.14%, Valid Acc: 76.16%
Epoch 29: Train Acc: 91.81%, Valid Acc: 75.70%
Epoch 30: Train Acc: 91.91%, Valid Acc: 76.39%
Epoch 31: Train Acc: 91.75%, Valid Acc: 76.90%
Epoch 32: Train Acc: 92.49%, Valid Acc: 76.44%
Epoch 33: Train Acc: 92.32%, Valid Acc: 76.30%
Epoch 34: Train Acc: 92.49%, Valid Acc: 76.39%
Epoch 35: Train Acc: 92.07%, Valid Acc: 76.72%
Epoch 36: Train Acc: 92.40%, Valid Acc: 77.92%
Epoch 37: Train Acc: 92.15%, Valid Acc: 77.27%
Epoch 38: Train Acc: 92.45%, Valid Acc: 76.25%
Epoch 39: Train Acc: 92.31%, Valid Acc: 77.23%
Epoch 40: Train Acc: 92.42%, Valid Acc: 76.25%
Epoch 41: Train Acc: 92.97%, Valid Acc: 76.21%
Epoch 42: Train Acc: 93.19%, Valid Acc: 76.81%
Epoch 43: Train Acc: 93.22%, Valid Acc: 76.48%
Epoch 44: Train Acc: 93.07%, Valid Acc: 76.53%
Epoch 45: Train Acc: 93.19%, Valid Acc: 75.88%
Epoch 46: Train Acc: 93.20%, Valid Acc: 75.09%
Epoch 47: Train Acc: 93.42%, Valid Acc: 76.62%
Epoch 48: Train Acc: 93.11%, Valid Acc: 75.97%
Epoch 49: Train Acc: 93.28%, Valid Acc: 76.35%
Epoch 50: Train Acc: 93.22%, Valid Acc: 75.70%

Training EfficientNet-B4 for Valid Fold 1
Epoch 1: Train Acc: 50.61%, Valid Acc: 62.78%
Epoch 2: Train Acc: 67.16%, Valid Acc: 69.51%
Epoch 3: Train Acc: 77.09%, Valid Acc: 74.25%
Epoch 4: Train Acc: 82.67%, Valid Acc: 75.92%
Epoch 5: Train Acc: 85.43%, Valid Acc: 76.24%
Epoch 6: Train Acc: 86.94%, Valid Acc: 74.57%
Epoch 7: Train Acc: 88.03%, Valid Acc: 77.08%
Epoch 8: Train Acc: 88.58%, Valid Acc: 76.52%
Epoch 9: Train Acc: 88.47%, Valid Acc: 76.71%
Epoch 10: Train Acc: 88.94%, Valid Acc: 76.57%
Epoch 11: Train Acc: 89.04%, Valid Acc: 76.84%
Epoch 12: Train Acc: 89.10%, Valid Acc: 76.71%
Epoch 13: Train Acc: 89.48%, Valid Acc: 77.08%
Epoch 14: Train Acc: 89.70%, Valid Acc: 76.52%
Epoch 15: Train Acc: 89.72%, Valid Acc: 75.41%
Epoch 16: Train Acc: 90.03%, Valid Acc: 76.66%
Epoch 17: Train Acc: 90.26%, Valid Acc: 77.59%
Epoch 18: Train Acc: 90.17%, Valid Acc: 76.89%
Epoch 19: Train Acc: 89.90%, Valid Acc: 74.62%
Epoch 20: Train Acc: 90.34%, Valid Acc: 77.87%
Epoch 21: Train Acc: 91.52%, Valid Acc: 77.03%
Epoch 22: Train Acc: 91.88%, Valid Acc: 77.35%
Epoch 23: Train Acc: 92.28%, Valid Acc: 76.33%
Epoch 24: Train Acc: 92.21%, Valid Acc: 78.24%
Epoch 25: Train Acc: 91.95%, Valid Acc: 77.08%
Epoch 26: Train Acc: 91.82%, Valid Acc: 77.40%
Epoch 27: Train Acc: 91.63%, Valid Acc: 77.54%
Epoch 28: Train Acc: 92.06%, Valid Acc: 77.22%
Epoch 29: Train Acc: 91.52%, Valid Acc: 76.94%
Epoch 30: Train Acc: 91.89%, Valid Acc: 77.96%
Epoch 31: Train Acc: 92.07%, Valid Acc: 77.49%
Epoch 32: Train Acc: 91.96%, Valid Acc: 76.66%
Epoch 33: Train Acc: 92.04%, Valid Acc: 77.68%
Epoch 34: Train Acc: 91.89%, Valid Acc: 77.31%
Epoch 35: Train Acc: 92.21%, Valid Acc: 77.08%
Epoch 36: Train Acc: 92.05%, Valid Acc: 77.08%
Epoch 37: Train Acc: 91.71%, Valid Acc: 78.28%
Epoch 38: Train Acc: 92.26%, Valid Acc: 76.98%
Epoch 39: Train Acc: 91.73%, Valid Acc: 76.98%
Epoch 40: Train Acc: 92.27%, Valid Acc: 76.94%
Epoch 41: Train Acc: 92.63%, Valid Acc: 77.31%
Epoch 42: Train Acc: 92.55%, Valid Acc: 77.40%
Epoch 43: Train Acc: 92.64%, Valid Acc: 76.98%
Epoch 44: Train Acc: 92.64%, Valid Acc: 76.75%
Epoch 45: Train Acc: 92.82%, Valid Acc: 77.68%
Epoch 46: Train Acc: 92.89%, Valid Acc: 77.12%
Epoch 47: Train Acc: 92.69%, Valid Acc: 76.98%
Epoch 48: Train Acc: 92.71%, Valid Acc: 77.03%
Epoch 49: Train Acc: 92.59%, Valid Acc: 77.91%
Epoch 50: Train Acc: 92.59%, Valid Acc: 77.54%

Training EfficientNet-B4 for Valid Fold 2
Epoch 1: Train Acc: 51.66%, Valid Acc: 60.11%
Epoch 2: Train Acc: 67.24%, Valid Acc: 66.39%
Epoch 3: Train Acc: 76.92%, Valid Acc: 69.64%
Epoch 4: Train Acc: 81.72%, Valid Acc: 73.92%
Epoch 5: Train Acc: 84.81%, Valid Acc: 72.99%
Epoch 6: Train Acc: 86.58%, Valid Acc: 75.83%
Epoch 7: Train Acc: 88.47%, Valid Acc: 74.76%
Epoch 8: Train Acc: 88.24%, Valid Acc: 74.01%
Epoch 9: Train Acc: 88.37%, Valid Acc: 73.13%
Epoch 10: Train Acc: 88.12%, Valid Acc: 74.48%
Epoch 11: Train Acc: 89.34%, Valid Acc: 73.45%
Epoch 12: Train Acc: 89.24%, Valid Acc: 74.85%
Epoch 13: Train Acc: 89.01%, Valid Acc: 76.06%
Epoch 14: Train Acc: 89.51%, Valid Acc: 76.24%
Epoch 15: Train Acc: 89.36%, Valid Acc: 75.59%
Epoch 16: Train Acc: 89.53%, Valid Acc: 72.85%
Epoch 17: Train Acc: 89.81%, Valid Acc: 76.34%
Epoch 18: Train Acc: 90.11%, Valid Acc: 74.43%
Epoch 19: Train Acc: 88.72%, Valid Acc: 73.97%
Epoch 20: Train Acc: 89.85%, Valid Acc: 74.38%
Epoch 21: Train Acc: 91.01%, Valid Acc: 75.73%
Epoch 22: Train Acc: 91.64%, Valid Acc: 76.62%
Epoch 23: Train Acc: 91.59%, Valid Acc: 76.29%
Epoch 24: Train Acc: 92.25%, Valid Acc: 75.92%
Epoch 25: Train Acc: 92.09%, Valid Acc: 75.69%
Epoch 26: Train Acc: 91.57%, Valid Acc: 76.38%
Epoch 27: Train Acc: 92.03%, Valid Acc: 76.34%
Epoch 28: Train Acc: 92.05%, Valid Acc: 75.96%
Epoch 29: Train Acc: 91.92%, Valid Acc: 75.78%
Epoch 30: Train Acc: 91.94%, Valid Acc: 74.94%
Epoch 31: Train Acc: 91.39%, Valid Acc: 75.87%
Epoch 32: Train Acc: 91.86%, Valid Acc: 76.06%
Epoch 33: Train Acc: 92.50%, Valid Acc: 75.64%
Epoch 34: Train Acc: 91.90%, Valid Acc: 76.52%
Epoch 35: Train Acc: 92.04%, Valid Acc: 76.20%
Epoch 36: Train Acc: 92.28%, Valid Acc: 75.03%
Epoch 37: Train Acc: 92.46%, Valid Acc: 75.50%
Epoch 38: Train Acc: 92.04%, Valid Acc: 77.87%
Epoch 39: Train Acc: 91.99%, Valid Acc: 75.87%
Epoch 40: Train Acc: 91.78%, Valid Acc: 74.29%
Epoch 41: Train Acc: 92.98%, Valid Acc: 76.80%
Epoch 42: Train Acc: 92.79%, Valid Acc: 75.55%
Epoch 43: Train Acc: 92.61%, Valid Acc: 76.57%
Epoch 44: Train Acc: 92.90%, Valid Acc: 76.06%
Epoch 45: Train Acc: 93.04%, Valid Acc: 75.55%
Epoch 46: Train Acc: 92.81%, Valid Acc: 76.20%
Epoch 47: Train Acc: 92.89%, Valid Acc: 75.92%
Epoch 48: Train Acc: 92.96%, Valid Acc: 76.24%
Epoch 49: Train Acc: 93.10%, Valid Acc: 76.48%
Epoch 50: Train Acc: 92.88%, Valid Acc: 76.34%

Training EfficientNet-B4 for Valid Fold 3
Epoch 1: Train Acc: 51.02%, Valid Acc: 60.74%
Epoch 2: Train Acc: 65.85%, Valid Acc: 67.67%
Epoch 3: Train Acc: 75.64%, Valid Acc: 73.44%
Epoch 4: Train Acc: 80.64%, Valid Acc: 73.30%
Epoch 5: Train Acc: 85.70%, Valid Acc: 75.49%
Epoch 6: Train Acc: 86.72%, Valid Acc: 74.74%
Epoch 7: Train Acc: 85.37%, Valid Acc: 75.95%
Epoch 8: Train Acc: 87.63%, Valid Acc: 75.77%
Epoch 9: Train Acc: 88.55%, Valid Acc: 76.19%
Epoch 10: Train Acc: 89.42%, Valid Acc: 76.79%
Epoch 11: Train Acc: 89.84%, Valid Acc: 76.23%
Epoch 12: Train Acc: 89.29%, Valid Acc: 74.56%
Epoch 13: Train Acc: 88.93%, Valid Acc: 75.02%
Epoch 14: Train Acc: 88.99%, Valid Acc: 75.91%
Epoch 15: Train Acc: 89.31%, Valid Acc: 75.91%
Epoch 16: Train Acc: 89.67%, Valid Acc: 76.79%
Epoch 17: Train Acc: 89.54%, Valid Acc: 74.42%
Epoch 18: Train Acc: 89.11%, Valid Acc: 75.40%
Epoch 19: Train Acc: 89.67%, Valid Acc: 75.12%
Epoch 20: Train Acc: 89.92%, Valid Acc: 74.84%
Epoch 21: Train Acc: 91.09%, Valid Acc: 75.81%
Epoch 22: Train Acc: 91.99%, Valid Acc: 75.86%
Epoch 23: Train Acc: 91.67%, Valid Acc: 75.77%
Epoch 24: Train Acc: 91.97%, Valid Acc: 76.42%
Epoch 25: Train Acc: 92.25%, Valid Acc: 76.60%
Epoch 26: Train Acc: 91.95%, Valid Acc: 75.30%
Epoch 27: Train Acc: 91.39%, Valid Acc: 76.37%
Epoch 28: Train Acc: 91.68%, Valid Acc: 76.98%
Epoch 29: Train Acc: 91.73%, Valid Acc: 75.72%
Epoch 30: Train Acc: 91.95%, Valid Acc: 76.09%
Epoch 31: Train Acc: 91.35%, Valid Acc: 77.12%
Epoch 32: Train Acc: 91.96%, Valid Acc: 76.00%
Epoch 33: Train Acc: 92.33%, Valid Acc: 75.49%
Epoch 34: Train Acc: 91.70%, Valid Acc: 76.09%
Epoch 35: Train Acc: 92.03%, Valid Acc: 76.60%
Epoch 36: Train Acc: 91.60%, Valid Acc: 75.72%
Epoch 37: Train Acc: 92.02%, Valid Acc: 76.65%
Epoch 38: Train Acc: 92.01%, Valid Acc: 76.60%
Epoch 39: Train Acc: 92.57%, Valid Acc: 75.67%
Epoch 40: Train Acc: 92.09%, Valid Acc: 76.14%
Epoch 41: Train Acc: 93.01%, Valid Acc: 76.37%
Epoch 42: Train Acc: 93.08%, Valid Acc: 76.79%
Epoch 43: Train Acc: 92.78%, Valid Acc: 76.93%
Epoch 44: Train Acc: 92.94%, Valid Acc: 76.93%
Epoch 45: Train Acc: 92.98%, Valid Acc: 77.21%
Epoch 46: Train Acc: 92.75%, Valid Acc: 75.95%
Epoch 47: Train Acc: 92.96%, Valid Acc: 75.40%
Epoch 48: Train Acc: 92.88%, Valid Acc: 76.33%
Epoch 49: Train Acc: 92.81%, Valid Acc: 75.58%
Epoch 50: Train Acc: 92.69%, Valid Acc: 76.14%

Training EfficientNet-B4 for Valid Fold 4
Epoch 1: Train Acc: 51.65%, Valid Acc: 61.41%
Epoch 2: Train Acc: 67.95%, Valid Acc: 67.46%
Epoch 3: Train Acc: 76.85%, Valid Acc: 70.20%
Epoch 4: Train Acc: 82.44%, Valid Acc: 71.74%
Epoch 5: Train Acc: 86.22%, Valid Acc: 73.84%
Epoch 6: Train Acc: 87.31%, Valid Acc: 73.51%
Epoch 7: Train Acc: 88.07%, Valid Acc: 73.42%
Epoch 8: Train Acc: 89.00%, Valid Acc: 72.95%
Epoch 9: Train Acc: 89.15%, Valid Acc: 73.60%
Epoch 10: Train Acc: 90.35%, Valid Acc: 73.74%
Epoch 11: Train Acc: 90.14%, Valid Acc: 74.07%
Epoch 12: Train Acc: 89.86%, Valid Acc: 72.58%
Epoch 13: Train Acc: 90.40%, Valid Acc: 73.93%
Epoch 14: Train Acc: 90.72%, Valid Acc: 74.16%
Epoch 15: Train Acc: 89.99%, Valid Acc: 72.53%
Epoch 16: Train Acc: 90.59%, Valid Acc: 73.23%
Epoch 17: Train Acc: 90.26%, Valid Acc: 72.16%
Epoch 18: Train Acc: 90.70%, Valid Acc: 74.91%
Epoch 19: Train Acc: 90.64%, Valid Acc: 73.04%
Epoch 20: Train Acc: 90.98%, Valid Acc: 72.77%
Epoch 21: Train Acc: 92.24%, Valid Acc: 74.21%
Epoch 22: Train Acc: 92.56%, Valid Acc: 75.33%
Epoch 23: Train Acc: 92.86%, Valid Acc: 75.00%
Epoch 24: Train Acc: 92.52%, Valid Acc: 75.05%
Epoch 25: Train Acc: 92.79%, Valid Acc: 74.44%
Epoch 26: Train Acc: 92.52%, Valid Acc: 73.46%
Epoch 27: Train Acc: 92.68%, Valid Acc: 74.72%
Epoch 28: Train Acc: 92.39%, Valid Acc: 73.98%
Epoch 29: Train Acc: 92.45%, Valid Acc: 75.61%
Epoch 30: Train Acc: 92.82%, Valid Acc: 74.86%
Epoch 31: Train Acc: 92.91%, Valid Acc: 73.74%
Epoch 32: Train Acc: 92.68%, Valid Acc: 74.30%
Epoch 33: Train Acc: 92.03%, Valid Acc: 74.58%
Epoch 34: Train Acc: 92.55%, Valid Acc: 75.05%
Epoch 35: Train Acc: 92.74%, Valid Acc: 75.37%
Epoch 36: Train Acc: 92.52%, Valid Acc: 74.39%
Epoch 37: Train Acc: 92.56%, Valid Acc: 74.77%
Epoch 38: Train Acc: 92.80%, Valid Acc: 74.39%
Epoch 39: Train Acc: 92.84%, Valid Acc: 74.58%
Epoch 40: Train Acc: 93.08%, Valid Acc: 74.95%
Epoch 41: Train Acc: 93.24%, Valid Acc: 75.09%
Epoch 42: Train Acc: 93.22%, Valid Acc: 75.33%
Epoch 43: Train Acc: 93.43%, Valid Acc: 75.56%
Epoch 44: Train Acc: 93.49%, Valid Acc: 73.93%
Epoch 45: Train Acc: 93.17%, Valid Acc: 74.35%
Epoch 46: Train Acc: 93.39%, Valid Acc: 74.53%
Epoch 47: Train Acc: 93.37%, Valid Acc: 74.49%
Epoch 48: Train Acc: 93.58%, Valid Acc: 73.60%
Epoch 49: Train Acc: 93.38%, Valid Acc: 75.00%
Epoch 50: Train Acc: 93.54%, Valid Acc: 74.81%

Best Performance Summary:EfficientNet-B4: Best Train Acc: 92.45%, Best Valid Acc: 75.61%, Test Acc: 77.21%, Best Epoch: 29
