/data/dpfls5645/repos/capstone_yerinjo
/data/dpfls5645/anaconda3/bin/python
moana-r5
cuda

Training EfficientNet-B0 for Valid Fold 0
Epoch 1: Train Acc: 49.72%, Valid Acc: 57.24%
Epoch 2: Train Acc: 60.89%, Valid Acc: 61.32%
Epoch 3: Train Acc: 67.11%, Valid Acc: 65.40%
Epoch 4: Train Acc: 72.79%, Valid Acc: 69.90%
Epoch 5: Train Acc: 76.14%, Valid Acc: 67.63%
Epoch 6: Train Acc: 79.04%, Valid Acc: 71.52%
Epoch 7: Train Acc: 82.75%, Valid Acc: 72.08%
Epoch 8: Train Acc: 84.12%, Valid Acc: 74.77%
Epoch 9: Train Acc: 85.51%, Valid Acc: 72.87%
Epoch 10: Train Acc: 86.37%, Valid Acc: 73.75%
Epoch 11: Train Acc: 86.96%, Valid Acc: 73.28%
Epoch 12: Train Acc: 86.68%, Valid Acc: 73.33%
Epoch 13: Train Acc: 87.56%, Valid Acc: 74.49%
Epoch 14: Train Acc: 88.11%, Valid Acc: 74.44%
Epoch 15: Train Acc: 88.61%, Valid Acc: 74.81%
Epoch 16: Train Acc: 88.60%, Valid Acc: 73.70%
Epoch 17: Train Acc: 88.71%, Valid Acc: 76.25%
Epoch 18: Train Acc: 88.55%, Valid Acc: 74.26%
Epoch 19: Train Acc: 88.71%, Valid Acc: 73.24%
Epoch 20: Train Acc: 88.59%, Valid Acc: 73.42%
Epoch 21: Train Acc: 90.76%, Valid Acc: 75.79%
Epoch 22: Train Acc: 92.27%, Valid Acc: 75.37%
Epoch 23: Train Acc: 92.00%, Valid Acc: 76.07%
Epoch 24: Train Acc: 92.05%, Valid Acc: 75.65%
Epoch 25: Train Acc: 92.06%, Valid Acc: 75.23%
Epoch 26: Train Acc: 91.77%, Valid Acc: 76.44%
Epoch 27: Train Acc: 91.98%, Valid Acc: 75.56%
Epoch 28: Train Acc: 91.93%, Valid Acc: 76.21%
Epoch 29: Train Acc: 92.13%, Valid Acc: 75.23%
Epoch 30: Train Acc: 91.83%, Valid Acc: 76.07%
Epoch 31: Train Acc: 91.21%, Valid Acc: 75.70%
Epoch 32: Train Acc: 91.68%, Valid Acc: 75.74%
Epoch 33: Train Acc: 91.33%, Valid Acc: 75.88%
Epoch 34: Train Acc: 91.62%, Valid Acc: 75.23%
Epoch 35: Train Acc: 91.61%, Valid Acc: 75.05%
Epoch 36: Train Acc: 91.62%, Valid Acc: 75.28%
Epoch 37: Train Acc: 91.96%, Valid Acc: 75.05%
Epoch 38: Train Acc: 91.68%, Valid Acc: 75.37%
Epoch 39: Train Acc: 91.90%, Valid Acc: 75.05%
Epoch 40: Train Acc: 92.21%, Valid Acc: 76.25%
Epoch 41: Train Acc: 92.64%, Valid Acc: 75.79%
Epoch 42: Train Acc: 92.91%, Valid Acc: 76.21%
Epoch 43: Train Acc: 92.81%, Valid Acc: 76.21%
Epoch 44: Train Acc: 93.11%, Valid Acc: 76.35%
Epoch 45: Train Acc: 92.84%, Valid Acc: 76.53%
Epoch 46: Train Acc: 93.21%, Valid Acc: 76.16%
Epoch 47: Train Acc: 92.86%, Valid Acc: 76.53%
Epoch 48: Train Acc: 92.97%, Valid Acc: 75.74%
Epoch 49: Train Acc: 92.75%, Valid Acc: 74.54%
Epoch 50: Train Acc: 92.75%, Valid Acc: 76.86%

Training EfficientNet-B0 for Valid Fold 1
Epoch 1: Train Acc: 49.89%, Valid Acc: 57.49%
Epoch 2: Train Acc: 59.97%, Valid Acc: 60.65%
Epoch 3: Train Acc: 66.40%, Valid Acc: 62.69%
Epoch 4: Train Acc: 71.67%, Valid Acc: 65.80%
Epoch 5: Train Acc: 76.17%, Valid Acc: 69.74%
Epoch 6: Train Acc: 80.65%, Valid Acc: 71.04%
Epoch 7: Train Acc: 83.20%, Valid Acc: 72.99%
Epoch 8: Train Acc: 84.61%, Valid Acc: 73.36%
Epoch 9: Train Acc: 85.79%, Valid Acc: 74.20%
Epoch 10: Train Acc: 86.75%, Valid Acc: 71.74%
Epoch 11: Train Acc: 87.09%, Valid Acc: 75.17%
Epoch 12: Train Acc: 87.52%, Valid Acc: 71.04%
Epoch 13: Train Acc: 87.32%, Valid Acc: 73.18%
Epoch 14: Train Acc: 88.33%, Valid Acc: 75.78%
Epoch 15: Train Acc: 88.29%, Valid Acc: 71.23%
Epoch 16: Train Acc: 87.57%, Valid Acc: 75.55%
Epoch 17: Train Acc: 88.19%, Valid Acc: 73.36%
Epoch 18: Train Acc: 88.70%, Valid Acc: 75.36%
Epoch 19: Train Acc: 88.32%, Valid Acc: 74.85%
Epoch 20: Train Acc: 88.23%, Valid Acc: 73.36%
Epoch 21: Train Acc: 90.51%, Valid Acc: 76.61%
Epoch 22: Train Acc: 91.53%, Valid Acc: 76.47%
Epoch 23: Train Acc: 91.31%, Valid Acc: 77.31%
Epoch 24: Train Acc: 91.85%, Valid Acc: 76.57%
Epoch 25: Train Acc: 91.76%, Valid Acc: 76.94%
Epoch 26: Train Acc: 91.82%, Valid Acc: 77.35%
Epoch 27: Train Acc: 91.27%, Valid Acc: 75.36%
Epoch 28: Train Acc: 91.21%, Valid Acc: 76.10%
Epoch 29: Train Acc: 91.77%, Valid Acc: 75.03%
Epoch 30: Train Acc: 91.10%, Valid Acc: 76.57%
Epoch 31: Train Acc: 91.13%, Valid Acc: 76.94%
Epoch 32: Train Acc: 91.63%, Valid Acc: 75.78%
Epoch 33: Train Acc: 91.59%, Valid Acc: 75.59%
Epoch 34: Train Acc: 91.46%, Valid Acc: 75.36%
Epoch 35: Train Acc: 91.61%, Valid Acc: 77.96%
Epoch 36: Train Acc: 91.20%, Valid Acc: 76.10%
Epoch 37: Train Acc: 91.85%, Valid Acc: 76.15%
Epoch 38: Train Acc: 91.21%, Valid Acc: 76.01%
Epoch 39: Train Acc: 91.42%, Valid Acc: 76.38%
Epoch 40: Train Acc: 91.80%, Valid Acc: 75.45%
Epoch 41: Train Acc: 92.13%, Valid Acc: 76.43%
Epoch 42: Train Acc: 92.39%, Valid Acc: 76.71%
Epoch 43: Train Acc: 92.61%, Valid Acc: 77.31%
Epoch 44: Train Acc: 92.67%, Valid Acc: 77.17%
Epoch 45: Train Acc: 92.73%, Valid Acc: 76.24%
Epoch 46: Train Acc: 92.62%, Valid Acc: 76.89%
Epoch 47: Train Acc: 92.75%, Valid Acc: 76.24%
Epoch 48: Train Acc: 92.38%, Valid Acc: 77.17%
Epoch 49: Train Acc: 92.38%, Valid Acc: 75.78%
Epoch 50: Train Acc: 92.36%, Valid Acc: 77.35%

Training EfficientNet-B0 for Valid Fold 2
Epoch 1: Train Acc: 49.92%, Valid Acc: 55.65%
Epoch 2: Train Acc: 60.58%, Valid Acc: 59.46%
Epoch 3: Train Acc: 66.78%, Valid Acc: 64.62%
Epoch 4: Train Acc: 72.85%, Valid Acc: 65.55%
Epoch 5: Train Acc: 76.43%, Valid Acc: 67.88%
Epoch 6: Train Acc: 80.38%, Valid Acc: 71.18%
Epoch 7: Train Acc: 82.08%, Valid Acc: 71.32%
Epoch 8: Train Acc: 84.93%, Valid Acc: 71.59%
Epoch 9: Train Acc: 86.06%, Valid Acc: 69.64%
Epoch 10: Train Acc: 86.68%, Valid Acc: 72.90%
Epoch 11: Train Acc: 86.91%, Valid Acc: 72.94%
Epoch 12: Train Acc: 87.76%, Valid Acc: 71.97%
Epoch 13: Train Acc: 86.68%, Valid Acc: 71.73%
Epoch 14: Train Acc: 87.15%, Valid Acc: 71.92%
Epoch 15: Train Acc: 88.04%, Valid Acc: 72.01%
Epoch 16: Train Acc: 88.23%, Valid Acc: 75.55%
Epoch 17: Train Acc: 89.57%, Valid Acc: 74.43%
Epoch 18: Train Acc: 88.37%, Valid Acc: 75.41%
Epoch 19: Train Acc: 88.38%, Valid Acc: 74.71%
Epoch 20: Train Acc: 88.36%, Valid Acc: 73.59%
Epoch 21: Train Acc: 90.57%, Valid Acc: 74.99%
Epoch 22: Train Acc: 91.73%, Valid Acc: 75.36%
Epoch 23: Train Acc: 91.81%, Valid Acc: 74.76%
Epoch 24: Train Acc: 92.04%, Valid Acc: 74.57%
Epoch 25: Train Acc: 91.53%, Valid Acc: 75.50%
Epoch 26: Train Acc: 91.61%, Valid Acc: 74.15%
Epoch 27: Train Acc: 91.53%, Valid Acc: 75.41%
Epoch 28: Train Acc: 91.73%, Valid Acc: 75.45%
Epoch 29: Train Acc: 91.46%, Valid Acc: 73.97%
Epoch 30: Train Acc: 91.67%, Valid Acc: 74.90%
Epoch 31: Train Acc: 91.74%, Valid Acc: 76.06%
Epoch 32: Train Acc: 91.21%, Valid Acc: 75.17%
Epoch 33: Train Acc: 91.40%, Valid Acc: 74.99%
Epoch 34: Train Acc: 91.29%, Valid Acc: 74.57%
Epoch 35: Train Acc: 91.71%, Valid Acc: 74.06%
Epoch 36: Train Acc: 91.36%, Valid Acc: 74.76%
Epoch 37: Train Acc: 91.10%, Valid Acc: 73.97%
Epoch 38: Train Acc: 91.60%, Valid Acc: 73.83%
Epoch 39: Train Acc: 91.52%, Valid Acc: 75.03%
Epoch 40: Train Acc: 91.58%, Valid Acc: 74.62%
Epoch 41: Train Acc: 92.71%, Valid Acc: 74.62%
Epoch 42: Train Acc: 92.71%, Valid Acc: 75.27%
Epoch 43: Train Acc: 92.65%, Valid Acc: 74.90%
Epoch 44: Train Acc: 92.81%, Valid Acc: 75.55%
Epoch 45: Train Acc: 92.52%, Valid Acc: 75.87%
Epoch 46: Train Acc: 92.52%, Valid Acc: 75.22%
Epoch 47: Train Acc: 92.57%, Valid Acc: 74.99%
Epoch 48: Train Acc: 92.39%, Valid Acc: 75.31%
Epoch 49: Train Acc: 92.69%, Valid Acc: 75.31%
Epoch 50: Train Acc: 92.59%, Valid Acc: 74.76%

Training EfficientNet-B0 for Valid Fold 3
Epoch 1: Train Acc: 49.79%, Valid Acc: 54.93%
Epoch 2: Train Acc: 60.56%, Valid Acc: 60.23%
Epoch 3: Train Acc: 66.78%, Valid Acc: 64.56%
Epoch 4: Train Acc: 72.22%, Valid Acc: 67.40%
Epoch 5: Train Acc: 76.64%, Valid Acc: 68.74%
Epoch 6: Train Acc: 78.89%, Valid Acc: 73.12%
Epoch 7: Train Acc: 81.31%, Valid Acc: 72.09%
Epoch 8: Train Acc: 84.58%, Valid Acc: 74.47%
Epoch 9: Train Acc: 84.76%, Valid Acc: 75.40%
Epoch 10: Train Acc: 85.23%, Valid Acc: 74.42%
Epoch 11: Train Acc: 86.05%, Valid Acc: 74.51%
Epoch 12: Train Acc: 87.82%, Valid Acc: 74.98%
Epoch 13: Train Acc: 88.48%, Valid Acc: 75.91%
Epoch 14: Train Acc: 86.99%, Valid Acc: 74.79%
Epoch 15: Train Acc: 86.75%, Valid Acc: 75.81%
Epoch 16: Train Acc: 88.18%, Valid Acc: 73.44%
Epoch 17: Train Acc: 88.73%, Valid Acc: 74.65%
Epoch 18: Train Acc: 88.35%, Valid Acc: 74.60%
Epoch 19: Train Acc: 88.39%, Valid Acc: 75.95%
Epoch 20: Train Acc: 87.83%, Valid Acc: 76.51%
Epoch 21: Train Acc: 90.59%, Valid Acc: 77.26%
Epoch 22: Train Acc: 92.03%, Valid Acc: 76.70%
Epoch 23: Train Acc: 92.22%, Valid Acc: 76.98%
Epoch 24: Train Acc: 91.73%, Valid Acc: 76.42%
Epoch 25: Train Acc: 91.10%, Valid Acc: 76.19%
Epoch 26: Train Acc: 91.58%, Valid Acc: 76.74%
Epoch 27: Train Acc: 91.73%, Valid Acc: 76.74%
Epoch 28: Train Acc: 91.71%, Valid Acc: 76.33%
Epoch 29: Train Acc: 90.86%, Valid Acc: 76.56%
Epoch 30: Train Acc: 91.43%, Valid Acc: 76.09%
Epoch 31: Train Acc: 90.85%, Valid Acc: 76.47%
Epoch 32: Train Acc: 91.01%, Valid Acc: 77.12%
Epoch 33: Train Acc: 91.80%, Valid Acc: 76.23%
Epoch 34: Train Acc: 91.31%, Valid Acc: 76.65%
Epoch 35: Train Acc: 91.67%, Valid Acc: 75.53%
Epoch 36: Train Acc: 91.06%, Valid Acc: 76.33%
Epoch 37: Train Acc: 90.67%, Valid Acc: 76.88%
Epoch 38: Train Acc: 91.29%, Valid Acc: 76.51%
Epoch 39: Train Acc: 91.59%, Valid Acc: 76.60%
Epoch 40: Train Acc: 91.41%, Valid Acc: 75.30%
Epoch 41: Train Acc: 92.45%, Valid Acc: 76.09%
Epoch 42: Train Acc: 92.28%, Valid Acc: 75.72%
Epoch 43: Train Acc: 92.21%, Valid Acc: 76.14%
Epoch 44: Train Acc: 92.45%, Valid Acc: 75.91%
Epoch 45: Train Acc: 92.44%, Valid Acc: 76.74%
Epoch 46: Train Acc: 92.72%, Valid Acc: 75.58%
Epoch 47: Train Acc: 92.78%, Valid Acc: 75.81%
Epoch 48: Train Acc: 92.38%, Valid Acc: 76.88%
Epoch 49: Train Acc: 92.33%, Valid Acc: 76.23%
Epoch 50: Train Acc: 92.29%, Valid Acc: 76.09%

Training EfficientNet-B0 for Valid Fold 4
Epoch 1: Train Acc: 49.23%, Valid Acc: 57.45%
Epoch 2: Train Acc: 60.59%, Valid Acc: 59.08%
Epoch 3: Train Acc: 67.56%, Valid Acc: 58.85%
Epoch 4: Train Acc: 71.66%, Valid Acc: 63.50%
Epoch 5: Train Acc: 76.21%, Valid Acc: 66.53%
Epoch 6: Train Acc: 80.18%, Valid Acc: 68.58%
Epoch 7: Train Acc: 82.56%, Valid Acc: 67.83%
Epoch 8: Train Acc: 84.50%, Valid Acc: 69.97%
Epoch 9: Train Acc: 86.39%, Valid Acc: 69.60%
Epoch 10: Train Acc: 86.69%, Valid Acc: 71.65%
Epoch 11: Train Acc: 86.73%, Valid Acc: 71.28%
Epoch 12: Train Acc: 86.98%, Valid Acc: 72.02%
Epoch 13: Train Acc: 88.92%, Valid Acc: 70.67%
Epoch 14: Train Acc: 89.00%, Valid Acc: 70.72%
Epoch 15: Train Acc: 88.17%, Valid Acc: 70.95%
Epoch 16: Train Acc: 85.18%, Valid Acc: 71.69%
Epoch 17: Train Acc: 89.82%, Valid Acc: 72.58%
Epoch 18: Train Acc: 88.97%, Valid Acc: 72.21%
Epoch 19: Train Acc: 89.56%, Valid Acc: 71.65%
Epoch 20: Train Acc: 89.69%, Valid Acc: 73.14%
Epoch 21: Train Acc: 91.79%, Valid Acc: 74.21%
Epoch 22: Train Acc: 92.15%, Valid Acc: 73.56%
Epoch 23: Train Acc: 92.09%, Valid Acc: 73.98%
Epoch 24: Train Acc: 92.21%, Valid Acc: 73.93%
Epoch 25: Train Acc: 92.14%, Valid Acc: 72.11%
Epoch 26: Train Acc: 91.62%, Valid Acc: 72.30%
Epoch 27: Train Acc: 91.87%, Valid Acc: 72.21%
Epoch 28: Train Acc: 91.93%, Valid Acc: 71.97%
Epoch 29: Train Acc: 91.16%, Valid Acc: 73.60%
Epoch 30: Train Acc: 92.38%, Valid Acc: 72.16%
Epoch 31: Train Acc: 92.13%, Valid Acc: 73.14%
Epoch 32: Train Acc: 92.01%, Valid Acc: 73.32%
Epoch 33: Train Acc: 92.09%, Valid Acc: 72.35%
Epoch 34: Train Acc: 91.92%, Valid Acc: 72.86%
Epoch 35: Train Acc: 92.35%, Valid Acc: 73.18%
Epoch 36: Train Acc: 92.29%, Valid Acc: 72.35%
Epoch 37: Train Acc: 91.35%, Valid Acc: 69.97%
Epoch 38: Train Acc: 91.21%, Valid Acc: 72.77%
Epoch 39: Train Acc: 92.13%, Valid Acc: 73.18%
Epoch 40: Train Acc: 92.42%, Valid Acc: 72.44%
Epoch 41: Train Acc: 92.89%, Valid Acc: 73.65%
Epoch 42: Train Acc: 93.00%, Valid Acc: 72.16%
Epoch 43: Train Acc: 92.78%, Valid Acc: 73.37%
Epoch 44: Train Acc: 93.18%, Valid Acc: 73.79%
Epoch 45: Train Acc: 93.30%, Valid Acc: 73.09%
Epoch 46: Train Acc: 93.28%, Valid Acc: 73.79%
Epoch 47: Train Acc: 92.81%, Valid Acc: 74.30%
Epoch 48: Train Acc: 92.84%, Valid Acc: 74.21%
Epoch 49: Train Acc: 93.09%, Valid Acc: 73.14%
Epoch 50: Train Acc: 93.28%, Valid Acc: 74.02%

Best Performance Summary:
EfficientNet-B0: Best Train Acc: 92.81%, Best Valid Acc: 74.30%, Test Acc: 76.79%, Best Epoch: 47
