/data/dpfls5645/repos/capstone_yerinjo
/data/dpfls5645/anaconda3/bin/python
moana-y7
cuda

Training EfficientNet-B0 for Valid Fold 0
Epoch 1: Train Acc: 34.54%, Valid Acc: 31.22%
Epoch 2: Train Acc: 44.18%, Valid Acc: 42.67%
Epoch 3: Train Acc: 46.69%, Valid Acc: 48.24%
Epoch 4: Train Acc: 49.11%, Valid Acc: 47.82%
Epoch 5: Train Acc: 49.79%, Valid Acc: 40.63%
Epoch 6: Train Acc: 51.52%, Valid Acc: 47.22%
Epoch 7: Train Acc: 53.84%, Valid Acc: 43.55%
Epoch 8: Train Acc: 54.72%, Valid Acc: 47.12%
Epoch 9: Train Acc: 57.00%, Valid Acc: 50.32%
Epoch 10: Train Acc: 58.25%, Valid Acc: 54.55%
Epoch 11: Train Acc: 59.48%, Valid Acc: 50.42%
Epoch 12: Train Acc: 61.20%, Valid Acc: 53.06%
Epoch 13: Train Acc: 62.82%, Valid Acc: 53.85%
Epoch 14: Train Acc: 64.11%, Valid Acc: 57.61%
Epoch 15: Train Acc: 65.14%, Valid Acc: 58.58%
Epoch 16: Train Acc: 67.68%, Valid Acc: 55.52%
Epoch 17: Train Acc: 69.15%, Valid Acc: 56.49%
Epoch 18: Train Acc: 70.27%, Valid Acc: 60.11%
Epoch 19: Train Acc: 71.83%, Valid Acc: 58.30%
Epoch 20: Train Acc: 73.33%, Valid Acc: 59.60%
Epoch 21: Train Acc: 81.57%, Valid Acc: 69.53%
Epoch 22: Train Acc: 85.47%, Valid Acc: 70.13%
Epoch 23: Train Acc: 86.20%, Valid Acc: 70.78%
Epoch 24: Train Acc: 87.12%, Valid Acc: 70.27%
Epoch 25: Train Acc: 87.26%, Valid Acc: 67.58%
Epoch 26: Train Acc: 86.99%, Valid Acc: 69.25%
Epoch 27: Train Acc: 87.56%, Valid Acc: 69.25%
Epoch 28: Train Acc: 87.73%, Valid Acc: 70.13%
Epoch 29: Train Acc: 87.49%, Valid Acc: 71.34%
Epoch 30: Train Acc: 87.77%, Valid Acc: 71.06%
Epoch 31: Train Acc: 88.71%, Valid Acc: 70.13%
Epoch 32: Train Acc: 88.48%, Valid Acc: 72.03%
Epoch 33: Train Acc: 88.52%, Valid Acc: 68.41%
Epoch 34: Train Acc: 88.02%, Valid Acc: 71.24%
Epoch 35: Train Acc: 88.61%, Valid Acc: 73.52%
Epoch 36: Train Acc: 88.77%, Valid Acc: 72.68%
Epoch 37: Train Acc: 88.87%, Valid Acc: 70.22%
Epoch 38: Train Acc: 88.47%, Valid Acc: 70.27%
Epoch 39: Train Acc: 88.48%, Valid Acc: 72.68%
Epoch 40: Train Acc: 88.26%, Valid Acc: 72.17%
Epoch 41: Train Acc: 90.91%, Valid Acc: 73.38%
Epoch 42: Train Acc: 91.23%, Valid Acc: 73.84%
Epoch 43: Train Acc: 91.28%, Valid Acc: 73.01%
Epoch 44: Train Acc: 91.42%, Valid Acc: 73.28%
Epoch 45: Train Acc: 91.19%, Valid Acc: 73.61%
Epoch 46: Train Acc: 91.38%, Valid Acc: 73.38%
Epoch 47: Train Acc: 91.07%, Valid Acc: 73.24%
Epoch 48: Train Acc: 91.33%, Valid Acc: 74.12%
Epoch 49: Train Acc: 91.14%, Valid Acc: 73.98%
Epoch 50: Train Acc: 91.26%, Valid Acc: 72.45%
Epoch 51: Train Acc: 91.26%, Valid Acc: 74.49%
Epoch 52: Train Acc: 91.18%, Valid Acc: 74.12%
Epoch 53: Train Acc: 91.46%, Valid Acc: 72.82%
Epoch 54: Train Acc: 91.20%, Valid Acc: 72.36%
Epoch 55: Train Acc: 91.18%, Valid Acc: 74.54%
slurmstepd: error: *** JOB 67145 ON moana-y7 CANCELLED AT 2024-11-26T17:20:27 ***
